<?xml version="1.0" encoding="UTF-8"?>
<testng-results ignored="0" total="4" passed="4" failed="0" skipped="0">
  <reporter-output>
  </reporter-output>
  <suite started-at="2023-04-16T17:51:48 IST" name="Suite" finished-at="2023-04-16T17:54:02 IST" duration-ms="133946">
    <groups>
      <group name="cucumber">
        <method signature="AbstractTestNGCucumberTests.runScenario(io.cucumber.testng.PickleWrapper, io.cucumber.testng.FeatureWrapper)[pri:0, instance:testRunner.Runner@5fbdfdcf]" name="runScenario" class="io.cucumber.testng.AbstractTestNGCucumberTests"/>
      </group> <!-- cucumber -->
    </groups>
    <test started-at="2023-04-16T17:51:48 IST" name="Test" finished-at="2023-04-16T17:54:02 IST" duration-ms="133946">
      <class name="testRunner.Runner">
        <test-method is-config="true" signature="setUpClass(org.testng.ITestContext)[pri:0, instance:testRunner.Runner@5fbdfdcf]" started-at="2023-04-16T17:51:48 IST" name="setUpClass" finished-at="2023-04-16T17:51:53 IST" duration-ms="4787" status="PASS">
          <params>
            <param index="0">
              <value>
                <![CDATA[org.testng.TestRunner@3820cfe]]>
              </value>
            </param>
          </params>
          <reporter-output>
          </reporter-output>
        </test-method> <!-- setUpClass -->
        <test-method signature="runScenario(io.cucumber.testng.PickleWrapper, io.cucumber.testng.FeatureWrapper)[pri:0, instance:testRunner.Runner@5fbdfdcf]" started-at="2023-04-16T17:51:53 IST" name="runScenario" description="Runs Cucumber Scenarios" data-provider="scenarios" finished-at="2023-04-16T17:52:08 IST" duration-ms="14869" status="PASS">
          <params>
            <param index="0">
              <value>
                <![CDATA["ever note invalid login scenario"]]>
              </value>
            </param>
            <param index="1">
              <value>
                <![CDATA["Product features"]]>
              </value>
            </param>
          </params>
          <reporter-output>
          </reporter-output>
        </test-method> <!-- runScenario -->
        <test-method signature="runScenario(io.cucumber.testng.PickleWrapper, io.cucumber.testng.FeatureWrapper)[pri:0, instance:testRunner.Runner@5fbdfdcf]" started-at="2023-04-16T17:52:08 IST" name="runScenario" description="Runs Cucumber Scenarios" data-provider="scenarios" finished-at="2023-04-16T17:52:52 IST" duration-ms="44045" status="PASS">
          <params>
            <param index="0">
              <value>
                <![CDATA["ever note valid user login scenario"]]>
              </value>
            </param>
            <param index="1">
              <value>
                <![CDATA["Product features"]]>
              </value>
            </param>
          </params>
          <reporter-output>
          </reporter-output>
        </test-method> <!-- runScenario -->
        <test-method signature="runScenario(io.cucumber.testng.PickleWrapper, io.cucumber.testng.FeatureWrapper)[pri:0, instance:testRunner.Runner@5fbdfdcf]" started-at="2023-04-16T17:52:52 IST" name="runScenario" description="Runs Cucumber Scenarios" data-provider="scenarios" finished-at="2023-04-16T17:53:26 IST" duration-ms="33632" status="PASS">
          <params>
            <param index="0">
              <value>
                <![CDATA["creating a new note in ever note"]]>
              </value>
            </param>
            <param index="1">
              <value>
                <![CDATA["Product features"]]>
              </value>
            </param>
          </params>
          <reporter-output>
          </reporter-output>
        </test-method> <!-- runScenario -->
        <test-method signature="runScenario(io.cucumber.testng.PickleWrapper, io.cucumber.testng.FeatureWrapper)[pri:0, instance:testRunner.Runner@5fbdfdcf]" started-at="2023-04-16T17:53:26 IST" name="runScenario" description="Runs Cucumber Scenarios" data-provider="scenarios" finished-at="2023-04-16T17:54:02 IST" duration-ms="36145" status="PASS">
          <params>
            <param index="0">
              <value>
                <![CDATA["opening previously created note"]]>
              </value>
            </param>
            <param index="1">
              <value>
                <![CDATA["Product features"]]>
              </value>
            </param>
          </params>
          <reporter-output>
          </reporter-output>
        </test-method> <!-- runScenario -->
        <test-method is-config="true" signature="tearDownClass()[pri:0, instance:testRunner.Runner@5fbdfdcf]" started-at="2023-04-16T17:54:02 IST" name="tearDownClass" finished-at="2023-04-16T17:54:02 IST" duration-ms="381" status="PASS">
          <reporter-output>
          </reporter-output>
        </test-method> <!-- tearDownClass -->
      </class> <!-- testRunner.Runner -->
    </test> <!-- Test -->
  </suite> <!-- Suite -->
</testng-results>
