<?xml version="1.0" encoding="UTF-8"?>
<testsuite xmlns:xsi="http://www.w3.org/2001/XMLSchema-instance" xsi:noNamespaceSchemaLocation="https://maven.apache.org/surefire/maven-surefire-plugin/xsd/surefire-test-report-3.0.xsd" version="3.0" name="TestSuite" time="135.603" tests="4" errors="0" skipped="0" failures="0">
  <properties>
[...]
</properties>
  <testcase name="runScenario[&quot;ever note invalid login scenario&quot;, &quot;Product features&quot;](1)" classname="testRunner.Runner" time="14.907">
    <system-out><![CDATA[report generation initiated

@smoke @TC_1 @login
Scenario Outline: ever note invalid login scenario                                 &amp#27;[90m# src/test/java/features/ever_note.feature:11&amp#27;[0m
launching url for a new test execution
Scenario	ever note invalid login scenarioexecution started
  &amp#27;[32mGiven &amp#27;[0m&amp#27;[32mUser clicks on already have account&amp#27;[0m                                        &amp#27;[90m# step_definitions.ever_note_home.User_clicks_on_already_have_account()&amp#27;[0m
bilalroshan5@gmail.com	 entered into the field
	element clicked
######	 entered into the field
  &amp#27;[32mWhen &amp#27;[0m&amp#27;[32mUser logs into evernote application using &amp#27;[0m&amp#27;[32m&amp#27;[1mbilalroshan5@gmail.com&amp#27;[0m&amp#27;[32m and &amp#27;[0m&amp#27;[32m&amp#27;[1m######&amp#27;[0m &amp#27;[90m# step_definitions.ever_note_home.User_logs_into_evernote_application_using_email_password(java.lang.String,java.lang.String)&amp#27;[0m
  &amp#27;[32mAnd &amp#27;[0m&amp#27;[32mUser clicks login&amp#27;[0m                                                            &amp#27;[90m# step_definitions.ever_note_home.User_clicks_login()&amp#27;[0m
executing validation for invalid login
Incorrect password. You modified your password 2 days ago.
  &amp#27;[32mAnd &amp#27;[0m&amp#27;[32mUser must see message as &amp#27;[0m&amp#27;[32m&amp#27;[1mIncorrect password&amp#27;[0m                                  &amp#27;[90m# step_definitions.ever_note_home.User_must_see_message_as_incorrect_password(java.lang.String)&amp#27;[0m
Scenario	execution status isPASSED
Listener pass
]]></system-out>
    <system-err><![CDATA[SLF4J: No SLF4J providers were found.
SLF4J: Defaulting to no-operation (NOP) logger implementation
SLF4J: See https://www.slf4j.org/codes.html#noProviders for further details.
Starting ChromeDriver 111.0.5563.64 (c710e93d5b63b7095afe8c2c17df34408078439d-refs/branch-heads/5563@{#995}) on port 26720
Only local connections are allowed.
Please see https://chromedriver.chromium.org/security-considerations for suggestions on keeping ChromeDriver safe.
ChromeDriver was started successfully.
Apr 16, 2023 5:51:53 PM org.openqa.selenium.remote.ProtocolHandshake createSession
INFO: Detected dialect: W3C
]]></system-err>
  </testcase>
  <testcase name="runScenario[&quot;ever note valid user login scenario&quot;, &quot;Product features&quot;](2)" classname="testRunner.Runner" time="44.01">
    <system-out><![CDATA[
@smoke @TC_2 @login
Scenario Outline: ever note valid user login scenario                                 &amp#27;[90m# src/test/java/features/ever_note.feature:23&amp#27;[0m
launching url for a new test execution
Scenario	ever note valid user login scenarioexecution started
  &amp#27;[32mGiven &amp#27;[0m&amp#27;[32mUser clicks on already have account&amp#27;[0m                                           &amp#27;[90m# step_definitions.ever_note_home.User_clicks_on_already_have_account()&amp#27;[0m
bilalroshan5@gmail.com	 entered into the field
	element clicked
User@1234	 entered into the field
  &amp#27;[32mWhen &amp#27;[0m&amp#27;[32mUser logs into evernote application using &amp#27;[0m&amp#27;[32m&amp#27;[1mbilalroshan5@gmail.com&amp#27;[0m&amp#27;[32m and &amp#27;[0m&amp#27;[32m&amp#27;[1mUser@1234&amp#27;[0m &amp#27;[90m# step_definitions.ever_note_home.User_logs_into_evernote_application_using_email_password(java.lang.String,java.lang.String)&amp#27;[0m
  &amp#27;[32mAnd &amp#27;[0m&amp#27;[32mUser clicks login&amp#27;[0m                                                               &amp#27;[90m# step_definitions.ever_note_home.User_clicks_login()&amp#27;[0m
executing validation for Valid login
logged in user confirmation email is bilalroshan5@gmail.com
  &amp#27;[32mAnd &amp#27;[0m&amp#27;[32mUser must see message as &amp#27;[0m&amp#27;[32m&amp#27;[1mbilalroshan5@gmail.com&amp#27;[0m                                 &amp#27;[90m# step_definitions.ever_note_home.User_must_see_message_as_incorrect_password(java.lang.String)&amp#27;[0m
bilalroshan5@gmail.com	element clicked
logout completed
  &amp#27;[32mThen &amp#27;[0m&amp#27;[32mUser clicks logout&amp#27;[0m                                                             &amp#27;[90m# step_definitions.ever_note_home.User_clicks_logout()&amp#27;[0m
Scenario	execution status isPASSED
Listener pass
]]></system-out>
  </testcase>
  <testcase name="runScenario[&quot;creating a new note in ever note&quot;, &quot;Product features&quot;](3)" classname="testRunner.Runner" time="33.63">
    <system-out><![CDATA[
@note_operation @smoke @TC3
Scenario Outline: creating a new note in ever note                                    &amp#27;[90m# src/test/java/features/ever_note.feature:36&amp#27;[0m
launching url for a new test execution
Scenario	creating a new note in ever noteexecution started
  &amp#27;[32mGiven &amp#27;[0m&amp#27;[32mUser clicks on already have account&amp#27;[0m                                           &amp#27;[90m# step_definitions.ever_note_home.User_clicks_on_already_have_account()&amp#27;[0m
bilalroshan5@gmail.com	 entered into the field
	element clicked
User@1234	 entered into the field
  &amp#27;[32mWhen &amp#27;[0m&amp#27;[32mUser logs into evernote application using &amp#27;[0m&amp#27;[32m&amp#27;[1mbilalroshan5@gmail.com&amp#27;[0m&amp#27;[32m and &amp#27;[0m&amp#27;[32m&amp#27;[1mUser@1234&amp#27;[0m &amp#27;[90m# step_definitions.ever_note_home.User_logs_into_evernote_application_using_email_password(java.lang.String,java.lang.String)&amp#27;[0m
  &amp#27;[32mAnd &amp#27;[0m&amp#27;[32mUser clicks login&amp#27;[0m                                                               &amp#27;[90m# step_definitions.ever_note_home.User_clicks_login()&amp#27;[0m
executing validation for Valid login
logged in user confirmation email is bilalroshan5@gmail.com
  &amp#27;[32mThen &amp#27;[0m&amp#27;[32mUser must see message as &amp#27;[0m&amp#27;[32m&amp#27;[1mbilalroshan5@gmail.com&amp#27;[0m                                &amp#27;[90m# step_definitions.ever_note_home.User_must_see_message_as_incorrect_password(java.lang.String)&amp#27;[0m
	element clicked
  &amp#27;[32mWhen &amp#27;[0m&amp#27;[32mUser clicks new note button&amp#27;[0m                                                    &amp#27;[90m# step_definitions.ever_note_home.User_clicks_new_note_button()&amp#27;[0m
switched to default o frame
created note title is video_slots0.8059348390401205
video_slots0.8059348390401205	 entered into the field
waiting to save changes
  &amp#27;[32mAnd &amp#27;[0m&amp#27;[32mUser enters data into title as &amp#27;[0m&amp#27;[32m&amp#27;[1mvideo_slots&amp#27;[0m                                      &amp#27;[90m# step_definitions.ever_note_home.user_enters_data_into_title(java.lang.String)&amp#27;[0m
bilalroshan5@gmail.com	element clicked
logout completed
  &amp#27;[32mThen &amp#27;[0m&amp#27;[32mUser clicks logout&amp#27;[0m                                                             &amp#27;[90m# step_definitions.ever_note_home.User_clicks_logout()&amp#27;[0m
Scenario	execution status isPASSED
Listener pass
]]></system-out>
  </testcase>
  <testcase name="runScenario[&quot;opening previously created note&quot;, &quot;Product features&quot;](4)" classname="testRunner.Runner" time="36.168">
    <system-out><![CDATA[
@existing_note @smoke @note_operation
Scenario Outline: opening previously created note                                     &amp#27;[90m# src/test/java/features/ever_note.feature:47&amp#27;[0m
launching url for a new test execution
Scenario	opening previously created noteexecution started
  &amp#27;[32mGiven &amp#27;[0m&amp#27;[32mUser clicks on already have account&amp#27;[0m                                           &amp#27;[90m# step_definitions.ever_note_home.User_clicks_on_already_have_account()&amp#27;[0m
bilalroshan5@gmail.com	 entered into the field
	element clicked
User@1234	 entered into the field
  &amp#27;[32mWhen &amp#27;[0m&amp#27;[32mUser logs into evernote application using &amp#27;[0m&amp#27;[32m&amp#27;[1mbilalroshan5@gmail.com&amp#27;[0m&amp#27;[32m and &amp#27;[0m&amp#27;[32m&amp#27;[1mUser@1234&amp#27;[0m &amp#27;[90m# step_definitions.ever_note_home.User_logs_into_evernote_application_using_email_password(java.lang.String,java.lang.String)&amp#27;[0m
  &amp#27;[32mAnd &amp#27;[0m&amp#27;[32mUser clicks login&amp#27;[0m                                                               &amp#27;[90m# step_definitions.ever_note_home.User_clicks_login()&amp#27;[0m
executing validation for Valid login
logged in user confirmation email is bilalroshan5@gmail.com
  &amp#27;[32mAnd &amp#27;[0m&amp#27;[32mUser must see message as &amp#27;[0m&amp#27;[32m&amp#27;[1mbilalroshan5@gmail.com&amp#27;[0m                                 &amp#27;[90m# step_definitions.ever_note_home.User_must_see_message_as_incorrect_password(java.lang.String)&amp#27;[0m
initiated search
length of titles list is4
text value isvideo_slots0.8059348390401205
User must open the note with id	video_slots0.8059348390401205
previous created note opened with note idvideo_slots0.8059348390401205
  &amp#27;[32mThen &amp#27;[0m&amp#27;[32mUser searches for existing_note&amp#27;[0m                                                &amp#27;[90m# step_definitions.ever_note_home.User_searches_for_existing_note()&amp#27;[0m
Scenario	execution status isPASSED
Listener pass
]]></system-out>
  </testcase>
</testsuite>