<?xml version="1.0" encoding="UTF-8"?>
<testng-results ignored="0" total="4" passed="4" failed="0" skipped="0">
  <reporter-output>
  </reporter-output>
  <suite started-at="2023-04-16T21:59:03 IST" name="Suite" finished-at="2023-04-16T22:02:11 IST" duration-ms="188321">
    <groups>
      <group name="cucumber">
        <method signature="AbstractTestNGCucumberTests.runScenario(io.cucumber.testng.PickleWrapper, io.cucumber.testng.FeatureWrapper)[pri:0, instance:testRunner.Runner@5fbdfdcf]" name="runScenario" class="io.cucumber.testng.AbstractTestNGCucumberTests"/>
      </group> <!-- cucumber -->
    </groups>
    <test started-at="2023-04-16T21:59:03 IST" name="Test" finished-at="2023-04-16T22:02:11 IST" duration-ms="188321">
      <class name="testRunner.Runner">
        <test-method is-config="true" signature="setUpClass(org.testng.ITestContext)[pri:0, instance:testRunner.Runner@5fbdfdcf]" started-at="2023-04-16T21:59:03 IST" name="setUpClass" finished-at="2023-04-16T21:59:07 IST" duration-ms="4120" status="PASS">
          <params>
            <param index="0">
              <value>
                <![CDATA[org.testng.TestRunner@412ebe64]]>
              </value>
            </param>
          </params>
          <reporter-output>
          </reporter-output>
        </test-method> <!-- setUpClass -->
        <test-method signature="runScenario(io.cucumber.testng.PickleWrapper, io.cucumber.testng.FeatureWrapper)[pri:0, instance:testRunner.Runner@5fbdfdcf]" started-at="2023-04-16T21:59:07 IST" name="runScenario" description="Runs Cucumber Scenarios" data-provider="scenarios" finished-at="2023-04-16T21:59:18 IST" duration-ms="11589" status="PASS">
          <params>
            <param index="0">
              <value>
                <![CDATA["ever note invalid login scenario"]]>
              </value>
            </param>
            <param index="1">
              <value>
                <![CDATA["Product features"]]>
              </value>
            </param>
          </params>
          <reporter-output>
          </reporter-output>
        </test-method> <!-- runScenario -->
        <test-method signature="runScenario(io.cucumber.testng.PickleWrapper, io.cucumber.testng.FeatureWrapper)[pri:0, instance:testRunner.Runner@5fbdfdcf]" started-at="2023-04-16T21:59:18 IST" name="runScenario" description="Runs Cucumber Scenarios" data-provider="scenarios" finished-at="2023-04-16T22:00:01 IST" duration-ms="42499" status="PASS">
          <params>
            <param index="0">
              <value>
                <![CDATA["ever note valid user login scenario"]]>
              </value>
            </param>
            <param index="1">
              <value>
                <![CDATA["Product features"]]>
              </value>
            </param>
          </params>
          <reporter-output>
          </reporter-output>
        </test-method> <!-- runScenario -->
        <test-method signature="runScenario(io.cucumber.testng.PickleWrapper, io.cucumber.testng.FeatureWrapper)[pri:0, instance:testRunner.Runner@5fbdfdcf]" started-at="2023-04-16T22:00:01 IST" name="runScenario" description="Runs Cucumber Scenarios" data-provider="scenarios" finished-at="2023-04-16T22:00:35 IST" duration-ms="34335" status="PASS">
          <params>
            <param index="0">
              <value>
                <![CDATA["creating a new note in ever note"]]>
              </value>
            </param>
            <param index="1">
              <value>
                <![CDATA["Product features"]]>
              </value>
            </param>
          </params>
          <reporter-output>
          </reporter-output>
        </test-method> <!-- runScenario -->
        <test-method signature="runScenario(io.cucumber.testng.PickleWrapper, io.cucumber.testng.FeatureWrapper)[pri:0, instance:testRunner.Runner@5fbdfdcf]" started-at="2023-04-16T22:00:35 IST" name="runScenario" description="Runs Cucumber Scenarios" data-provider="scenarios" finished-at="2023-04-16T22:02:10 IST" duration-ms="94565" status="PASS">
          <params>
            <param index="0">
              <value>
                <![CDATA["opening previously created note"]]>
              </value>
            </param>
            <param index="1">
              <value>
                <![CDATA["Product features"]]>
              </value>
            </param>
          </params>
          <reporter-output>
          </reporter-output>
        </test-method> <!-- runScenario -->
        <test-method is-config="true" signature="tearDownClass()[pri:0, instance:testRunner.Runner@5fbdfdcf]" started-at="2023-04-16T22:02:10 IST" name="tearDownClass" finished-at="2023-04-16T22:02:11 IST" duration-ms="1149" status="PASS">
          <reporter-output>
          </reporter-output>
        </test-method> <!-- tearDownClass -->
      </class> <!-- testRunner.Runner -->
    </test> <!-- Test -->
  </suite> <!-- Suite -->
</testng-results>
